have_func: checking for rb_absint_size()... -------------------- yes

"gcc -o conftest -I/home/ec2-user/.rvm/rubies/ruby-2.5.8/include/ruby-2.5.0/x86_64-linux -I/home/ec2-user/.rvm/rubies/ruby-2.5.8/include/ruby-2.5.0/ruby/backward -I/home/ec2-user/.rvm/rubies/ruby-2.5.8/include/ruby-2.5.0 -I.    -O3 -ggdb3 -Wall -Wextra -Wno-unused-parameter -Wno-parentheses -Wno-long-long -Wno-missing-field-initializers -Wno-tautological-compare -Wno-parentheses-equality -Wno-constant-logical-operand -Wno-self-assign -Wunused-variable -Wimplicit-int -Wpointer-arith -Wwrite-strings -Wdeclaration-after-statement -Wimplicit-function-declaration -Wdeprecated-declarations -Wmisleading-indentation -Wno-packed-bitfield-compat -Wsuggest-attribute=noreturn -Wsuggest-attribute=format -Wimplicit-fallthrough=0 -Wduplicated-cond -Wrestrict  -fPIC conftest.c  -L. -L/home/ec2-user/.rvm/rubies/ruby-2.5.8/lib -Wl,-rpath,/home/ec2-user/.rvm/rubies/ruby-2.5.8/lib -L. -fstack-protector -rdynamic -Wl,-export-dynamic     -Wl,-rpath,'/../lib' -Wl,-rpath,'/../lib' -lruby  -lpthread -ldl -lcrypt -lm   -lc"
checked program was:
/* begin */
1: #include "ruby.h"
2: 
3: int main(int argc, char **argv)
4: {
5:   return 0;
6: }
/* end */

"gcc -o conftest -I/home/ec2-user/.rvm/rubies/ruby-2.5.8/include/ruby-2.5.0/x86_64-linux -I/home/ec2-user/.rvm/rubies/ruby-2.5.8/include/ruby-2.5.0/ruby/backward -I/home/ec2-user/.rvm/rubies/ruby-2.5.8/include/ruby-2.5.0 -I.    -O3 -ggdb3 -Wall -Wextra -Wno-unused-parameter -Wno-parentheses -Wno-long-long -Wno-missing-field-initializers -Wno-tautological-compare -Wno-parentheses-equality -Wno-constant-logical-operand -Wno-self-assign -Wunused-variable -Wimplicit-int -Wpointer-arith -Wwrite-strings -Wdeclaration-after-statement -Wimplicit-function-declaration -Wdeprecated-declarations -Wmisleading-indentation -Wno-packed-bitfield-compat -Wsuggest-attribute=noreturn -Wsuggest-attribute=format -Wimplicit-fallthrough=0 -Wduplicated-cond -Wrestrict  -fPIC conftest.c  -L. -L/home/ec2-user/.rvm/rubies/ruby-2.5.8/lib -Wl,-rpath,/home/ec2-user/.rvm/rubies/ruby-2.5.8/lib -L. -fstack-protector -rdynamic -Wl,-export-dynamic     -Wl,-rpath,'/../lib' -Wl,-rpath,'/../lib' -lruby  -lpthread -ldl -lcrypt -lm   -lc"
checked program was:
/* begin */
 1: #include "ruby.h"
 2: 
 3: /*top*/
 4: extern int t(void);
 5: int main(int argc, char **argv)
 6: {
 7:   if (argc > 1000000) {
 8:     printf("%p", &t);
 9:   }
10: 
11:   return 0;
12: }
13: int t(void) { void ((*volatile p)()); p = (void ((*)()))rb_absint_size; return !p; }
/* end */

--------------------

have_func: checking for rb_absint_singlebit_p()... -------------------- yes

"gcc -o conftest -I/home/ec2-user/.rvm/rubies/ruby-2.5.8/include/ruby-2.5.0/x86_64-linux -I/home/ec2-user/.rvm/rubies/ruby-2.5.8/include/ruby-2.5.0/ruby/backward -I/home/ec2-user/.rvm/rubies/ruby-2.5.8/include/ruby-2.5.0 -I.    -O3 -ggdb3 -Wall -Wextra -Wno-unused-parameter -Wno-parentheses -Wno-long-long -Wno-missing-field-initializers -Wno-tautological-compare -Wno-parentheses-equality -Wno-constant-logical-operand -Wno-self-assign -Wunused-variable -Wimplicit-int -Wpointer-arith -Wwrite-strings -Wdeclaration-after-statement -Wimplicit-function-declaration -Wdeprecated-declarations -Wmisleading-indentation -Wno-packed-bitfield-compat -Wsuggest-attribute=noreturn -Wsuggest-attribute=format -Wimplicit-fallthrough=0 -Wduplicated-cond -Wrestrict  -fPIC conftest.c  -L. -L/home/ec2-user/.rvm/rubies/ruby-2.5.8/lib -Wl,-rpath,/home/ec2-user/.rvm/rubies/ruby-2.5.8/lib -L. -fstack-protector -rdynamic -Wl,-export-dynamic     -Wl,-rpath,'/../lib' -Wl,-rpath,'/../lib' -lruby  -lpthread -ldl -lcrypt -lm   -lc"
checked program was:
/* begin */
 1: #include "ruby.h"
 2: 
 3: /*top*/
 4: extern int t(void);
 5: int main(int argc, char **argv)
 6: {
 7:   if (argc > 1000000) {
 8:     printf("%p", &t);
 9:   }
10: 
11:   return 0;
12: }
13: int t(void) { void ((*volatile p)()); p = (void ((*)()))rb_absint_singlebit_p; return !p; }
/* end */

--------------------

have_func: checking for rb_wait_for_single_fd()... -------------------- yes

"gcc -o conftest -I/home/ec2-user/.rvm/rubies/ruby-2.5.8/include/ruby-2.5.0/x86_64-linux -I/home/ec2-user/.rvm/rubies/ruby-2.5.8/include/ruby-2.5.0/ruby/backward -I/home/ec2-user/.rvm/rubies/ruby-2.5.8/include/ruby-2.5.0 -I.    -O3 -ggdb3 -Wall -Wextra -Wno-unused-parameter -Wno-parentheses -Wno-long-long -Wno-missing-field-initializers -Wno-tautological-compare -Wno-parentheses-equality -Wno-constant-logical-operand -Wno-self-assign -Wunused-variable -Wimplicit-int -Wpointer-arith -Wwrite-strings -Wdeclaration-after-statement -Wimplicit-function-declaration -Wdeprecated-declarations -Wmisleading-indentation -Wno-packed-bitfield-compat -Wsuggest-attribute=noreturn -Wsuggest-attribute=format -Wimplicit-fallthrough=0 -Wduplicated-cond -Wrestrict  -fPIC conftest.c  -L. -L/home/ec2-user/.rvm/rubies/ruby-2.5.8/lib -Wl,-rpath,/home/ec2-user/.rvm/rubies/ruby-2.5.8/lib -L. -fstack-protector -rdynamic -Wl,-export-dynamic     -Wl,-rpath,'/../lib' -Wl,-rpath,'/../lib' -lruby  -lpthread -ldl -lcrypt -lm   -lc"
conftest.c: In function ‘t’:
conftest.c:13:57: error: ‘rb_wait_for_single_fd’ undeclared (first use in this function)
 int t(void) { void ((*volatile p)()); p = (void ((*)()))rb_wait_for_single_fd; return !p; }
                                                         ^~~~~~~~~~~~~~~~~~~~~
conftest.c:13:57: note: each undeclared identifier is reported only once for each function it appears in
conftest.c: At top level:
cc1: warning: unrecognized command line option ‘-Wno-self-assign’
cc1: warning: unrecognized command line option ‘-Wno-constant-logical-operand’
cc1: warning: unrecognized command line option ‘-Wno-parentheses-equality’
checked program was:
/* begin */
 1: #include "ruby.h"
 2: 
 3: /*top*/
 4: extern int t(void);
 5: int main(int argc, char **argv)
 6: {
 7:   if (argc > 1000000) {
 8:     printf("%p", &t);
 9:   }
10: 
11:   return 0;
12: }
13: int t(void) { void ((*volatile p)()); p = (void ((*)()))rb_wait_for_single_fd; return !p; }
/* end */

"gcc -o conftest -I/home/ec2-user/.rvm/rubies/ruby-2.5.8/include/ruby-2.5.0/x86_64-linux -I/home/ec2-user/.rvm/rubies/ruby-2.5.8/include/ruby-2.5.0/ruby/backward -I/home/ec2-user/.rvm/rubies/ruby-2.5.8/include/ruby-2.5.0 -I.    -O3 -ggdb3 -Wall -Wextra -Wno-unused-parameter -Wno-parentheses -Wno-long-long -Wno-missing-field-initializers -Wno-tautological-compare -Wno-parentheses-equality -Wno-constant-logical-operand -Wno-self-assign -Wunused-variable -Wimplicit-int -Wpointer-arith -Wwrite-strings -Wdeclaration-after-statement -Wimplicit-function-declaration -Wdeprecated-declarations -Wmisleading-indentation -Wno-packed-bitfield-compat -Wsuggest-attribute=noreturn -Wsuggest-attribute=format -Wimplicit-fallthrough=0 -Wduplicated-cond -Wrestrict  -fPIC conftest.c  -L. -L/home/ec2-user/.rvm/rubies/ruby-2.5.8/lib -Wl,-rpath,/home/ec2-user/.rvm/rubies/ruby-2.5.8/lib -L. -fstack-protector -rdynamic -Wl,-export-dynamic     -Wl,-rpath,'/../lib' -Wl,-rpath,'/../lib' -lruby  -lpthread -ldl -lcrypt -lm   -lc"
checked program was:
/* begin */
 1: #include "ruby.h"
 2: 
 3: /*top*/
 4: extern int t(void);
 5: int main(int argc, char **argv)
 6: {
 7:   if (argc > 1000000) {
 8:     printf("%p", &t);
 9:   }
10: 
11:   return 0;
12: }
13: extern void rb_wait_for_single_fd();
14: int t(void) { rb_wait_for_single_fd(); return 0; }
/* end */

--------------------

find_library: checking for -lmysqlclient... -------------------- yes

"gcc -o conftest -I/home/ec2-user/.rvm/rubies/ruby-2.5.8/include/ruby-2.5.0/x86_64-linux -I/home/ec2-user/.rvm/rubies/ruby-2.5.8/include/ruby-2.5.0/ruby/backward -I/home/ec2-user/.rvm/rubies/ruby-2.5.8/include/ruby-2.5.0 -I. -I/usr/local/include    -O3 -ggdb3 -Wall -Wextra -Wno-unused-parameter -Wno-parentheses -Wno-long-long -Wno-missing-field-initializers -Wno-tautological-compare -Wno-parentheses-equality -Wno-constant-logical-operand -Wno-self-assign -Wunused-variable -Wimplicit-int -Wpointer-arith -Wwrite-strings -Wdeclaration-after-statement -Wimplicit-function-declaration -Wdeprecated-declarations -Wmisleading-indentation -Wno-packed-bitfield-compat -Wsuggest-attribute=noreturn -Wsuggest-attribute=format -Wimplicit-fallthrough=0 -Wduplicated-cond -Wrestrict  -fPIC conftest.c  -L. -L/home/ec2-user/.rvm/rubies/ruby-2.5.8/lib -Wl,-rpath,/home/ec2-user/.rvm/rubies/ruby-2.5.8/lib -L/usr/local/lib -Wl,-rpath,/usr/local/lib -L. -fstack-protector -rdynamic -Wl,-export-dynamic     -Wl,-rpath,'/../lib' -Wl,-rpath,'/../lib' -lruby -lmysqlclient  -lpthread -ldl -lcrypt -lm   -lc"
checked program was:
/* begin */
 1: #include "ruby.h"
 2: 
 3: /*top*/
 4: extern int t(void);
 5: int main(int argc, char **argv)
 6: {
 7:   if (argc > 1000000) {
 8:     printf("%p", &t);
 9:   }
10: 
11:   return 0;
12: }
13: 
14: int t(void) { ; return 0; }
/* end */

--------------------

have_header: checking for mysql.h... -------------------- no

"gcc -E -I/home/ec2-user/.rvm/rubies/ruby-2.5.8/include/ruby-2.5.0/x86_64-linux -I/home/ec2-user/.rvm/rubies/ruby-2.5.8/include/ruby-2.5.0/ruby/backward -I/home/ec2-user/.rvm/rubies/ruby-2.5.8/include/ruby-2.5.0 -I. -I/usr/local/include    -O3 -ggdb3 -Wall -Wextra -Wno-unused-parameter -Wno-parentheses -Wno-long-long -Wno-missing-field-initializers -Wno-tautological-compare -Wno-parentheses-equality -Wno-constant-logical-operand -Wno-self-assign -Wunused-variable -Wimplicit-int -Wpointer-arith -Wwrite-strings -Wdeclaration-after-statement -Wimplicit-function-declaration -Wdeprecated-declarations -Wmisleading-indentation -Wno-packed-bitfield-compat -Wsuggest-attribute=noreturn -Wsuggest-attribute=format -Wimplicit-fallthrough=0 -Wduplicated-cond -Wrestrict  -fPIC  conftest.c -o conftest.i"
conftest.c:3:10: fatal error: mysql.h: No such file or directory
 #include <mysql.h>
          ^~~~~~~~~
compilation terminated.
checked program was:
/* begin */
1: #include "ruby.h"
2: 
3: #include <mysql.h>
/* end */

--------------------

have_header: checking for mysql/mysql.h... -------------------- no

"gcc -E -I/home/ec2-user/.rvm/rubies/ruby-2.5.8/include/ruby-2.5.0/x86_64-linux -I/home/ec2-user/.rvm/rubies/ruby-2.5.8/include/ruby-2.5.0/ruby/backward -I/home/ec2-user/.rvm/rubies/ruby-2.5.8/include/ruby-2.5.0 -I. -I/usr/local/include    -O3 -ggdb3 -Wall -Wextra -Wno-unused-parameter -Wno-parentheses -Wno-long-long -Wno-missing-field-initializers -Wno-tautological-compare -Wno-parentheses-equality -Wno-constant-logical-operand -Wno-self-assign -Wunused-variable -Wimplicit-int -Wpointer-arith -Wwrite-strings -Wdeclaration-after-statement -Wimplicit-function-declaration -Wdeprecated-declarations -Wmisleading-indentation -Wno-packed-bitfield-compat -Wsuggest-attribute=noreturn -Wsuggest-attribute=format -Wimplicit-fallthrough=0 -Wduplicated-cond -Wrestrict  -fPIC  conftest.c -o conftest.i"
conftest.c:3:10: fatal error: mysql/mysql.h: No such file or directory
 #include <mysql/mysql.h>
          ^~~~~~~~~~~~~~~
compilation terminated.
checked program was:
/* begin */
1: #include "ruby.h"
2: 
3: #include <mysql/mysql.h>
/* end */

--------------------

